Log file open, 06/06/17 12:28:07
LogInit:Display: Running engine for game: project1
LogPlatformFile: Not using cached read wrapper
LogInit:Display: RandInit(1526518402) SRandInit(1526518402).
LogTaskGraph: Started task graph with 5 named threads and 6 total threads with 1 sets of task threads.
LogStats: Stats thread started at 0.074755
LogInit: Using libcurl 7.47.1
LogInit:  - built for x86_64-pc-win32
LogInit:  - supports SSL with OpenSSL/1.0.2g
LogInit:  - supports HTTP deflate (compression) using libz 1.2.8
LogInit:  - other features:
LogInit:      CURL_VERSION_SSL
LogInit:      CURL_VERSION_LIBZ
LogInit:      CURL_VERSION_IPV6
LogInit:      CURL_VERSION_ASYNCHDNS
LogInit:      CURL_VERSION_LARGEFILE
LogInit:      CURL_VERSION_IDN
LogInit:  CurlRequestOptions (configurable via config and command line):
LogInit:  - bVerifyPeer = false  - Libcurl will NOT verify peer certificate
LogInit:  - bUseHttpProxy = false  - Libcurl will NOT use HTTP proxy
LogInit:  - bDontReuseConnections = false  - Libcurl will reuse connections
LogInit:  - CertBundlePath = nullptr  - Libcurl will use whatever was configured at build time.
LogInit: Build: ++UE4+Release-4.16-CL-3466753
LogInit: Engine Version: 4.16.1-3466753+++UE4+Release-4.16
LogInit: Compatible Engine Version: 4.16.0-3452394+++UE4+Release-4.16
LogInit: Net CL: 3452394
LogDevObjectVersion: Number of dev versions registered: 16
LogDevObjectVersion:   Dev-Blueprints (B0D832E4-1F89-4F0D-ACCF-7EB736FD4AA2): 9
LogDevObjectVersion:   Dev-Build (E1C64328-A22C-4D53-A36C-8E866417BD8C): 0
LogDevObjectVersion:   Dev-Core (375EC13C-06E4-48FB-B500-84F0262A717E): 2
LogDevObjectVersion:   Dev-Editor (E4B068ED-F494-42E9-A231-DA0B2E46BB41): 17
LogDevObjectVersion:   Dev-Framework (CFFC743F-43B0-4480-9391-14DF171D2073): 23
LogDevObjectVersion:   Dev-Mobile (B02B49B5-BB20-44E9-A304-32B752E40360): 0
LogDevObjectVersion:   Dev-Networking (A4E4105C-59A1-49B5-A7C5-40C4547EDFEE): 0
LogDevObjectVersion:   Dev-Online (39C831C9-5AE6-47DC-9A44-9C173E1C8E7C): 0
LogDevObjectVersion:   Dev-Physics (78F01B33-EBEA-4F98-B9B4-84EACCB95AA2): 0
LogDevObjectVersion:   Dev-Platform (6631380F-2D4D-43E0-8009-CF276956A95A): 0
LogDevObjectVersion:   Dev-Rendering (12F88B9F-8875-4AFC-A67C-D90C383ABD29): 15
LogDevObjectVersion:   Dev-Sequencer (7B5AE74C-D270-4C10-A958-57980B212A5A): 4
LogDevObjectVersion:   Dev-VR (D7296918-1DD6-4BDD-9DE2-64A83CC13884): 0
LogDevObjectVersion:   Dev-LoadTimes (C2A15278-BFE7-4AFE-6C17-90FF531DF755): 1
LogDevObjectVersion:   Private-Geometry (6EACA3D4-40EC-4CC1-B786-8BED09428FC5): 1
LogDevObjectVersion:   Dev-AnimPhys (29E575DD-E0A3-4627-9D10-D276232CDCEA): 3
LogInit: Compiled (64-bit): May 31 2017 02:03:30
LogInit: Compiled with Visual C++: 19.00.24215.01
LogInit: Build Configuration: Development
LogInit: Branch Name: ++UE4+Release-4.16
LogInit: Command line:  
LogInit: Base directory: C:/Program Files/Epic Games/UE_4.16/Engine/Binaries/Win64/
LogInit: Installed Engine Build: 1
LogInit: Presizing for max 8388607 objects, including 0 objects not considered by GC, pre-allocating 0 bytes for permanent pool.
LogInit: Object subsystem initialized
[2017.06.06-16.28.08:169][  0]LogInit: Selected Device Profile: [Windows]
[2017.06.06-16.28.08:169][  0]LogInit: Applying CVar settings loaded from the selected device profile: [Windows]
[2017.06.06-16.28.08:183][  0]LogInit: Computer: SWORDKEY
[2017.06.06-16.28.08:183][  0]LogInit: User: jose
[2017.06.06-16.28.08:183][  0]LogInit: CPU Page size=4096, Cores=2
[2017.06.06-16.28.08:183][  0]LogInit: High frequency timer resolution =3.312645 MHz
[2017.06.06-16.28.08:183][  0]LogMemory: Memory total: Physical=7.9GB (8GB approx)
[2017.06.06-16.28.08:183][  0]LogMemory: Platform Memory Stats for Windows
[2017.06.06-16.28.08:183][  0]LogMemory: Process Physical Memory: 270.22 MB used, 270.22 MB peak
[2017.06.06-16.28.08:183][  0]LogMemory: Process Virtual Memory: 266.29 MB used, 266.29 MB peak
[2017.06.06-16.28.08:183][  0]LogMemory: Physical Memory: 4565.91 MB used,  3540.46 MB free, 8106.37 MB total
[2017.06.06-16.28.08:183][  0]LogMemory: Virtual Memory: 631.06 MB used,  3540.46 MB free, 134217728.00 MB total
[2017.06.06-16.28.08:247][  0]LogInit: Using OS detected language (en-US).
[2017.06.06-16.28.08:247][  0]LogInit: Using OS detected locale (en-US).
[2017.06.06-16.28.08:249][  0]LogTextLocalizationManager: No specific localization for 'en-US' exists, so the 'en' localization will be used.
[2017.06.06-16.28.09:354][  0]LogD3D11RHI: D3D11 adapters:
[2017.06.06-16.28.09:370][  0]LogD3D11RHI:    0. 'Intel(R) HD Graphics 4400' (Feature Level 11_0)
[2017.06.06-16.28.09:370][  0]LogD3D11RHI:       0/0/1792 MB DedicatedVideo/DedicatedSystem/SharedSystem, Outputs:2, VendorId:0x8086
[2017.06.06-16.28.09:371][  0]LogD3D11RHI:    1. 'Microsoft Basic Render Driver' (Feature Level 11_0)
[2017.06.06-16.28.09:371][  0]LogD3D11RHI:       0/0/256 MB DedicatedVideo/DedicatedSystem/SharedSystem, Outputs:0, VendorId:0x1414
[2017.06.06-16.28.09:371][  0]LogD3D11RHI: Chosen D3D11 Adapter: 0
[2017.06.06-16.28.09:377][  0]LogD3D11RHI: Creating new Direct3DDevice
[2017.06.06-16.28.09:377][  0]LogD3D11RHI:     GPU DeviceId: 0x41e (for the marketing name, search the web for "GPU Device Id")
[2017.06.06-16.28.09:377][  0]LogWindows: EnumDisplayDevices:
[2017.06.06-16.28.09:377][  0]LogWindows:    0. 'Intel(R) HD Graphics 4400' (P:1 D:1)
[2017.06.06-16.28.09:378][  0]LogWindows:    1. 'Intel(R) HD Graphics 4400' (P:0 D:1)
[2017.06.06-16.28.09:378][  0]LogWindows:    2. 'Intel(R) HD Graphics 4400' (P:0 D:0)
[2017.06.06-16.28.09:378][  0]LogWindows: DebugString: FoundDriverCount:3 
[2017.06.06-16.28.09:378][  0]LogD3D11RHI:     Adapter Name: Intel(R) HD Graphics 4400
[2017.06.06-16.28.09:378][  0]LogD3D11RHI:   Driver Version: 10.18.10.3345 (internal:10.18.10.3345, unified:10.18.10.3345)
[2017.06.06-16.28.09:378][  0]LogD3D11RHI:      Driver Date: 10-31-2013
[2017.06.06-16.28.09:378][  0]LogRHI: Texture pool is 627 MB (70% of 896 MB)
[2017.06.06-16.28.09:385][  0]LogD3D11RHI: Async texture creation enabled
[2017.06.06-16.28.09:390][  0]LogD3D11RHI: GPU Timing Frequency: 12.500000 (Debug: 2 0)
[2017.06.06-16.28.09:391][  0]LogShaderCompilers: Guid format shader working directory is -19 characters bigger than the processId version (../../../../../../Users/jose/Desktop/unreal course proj/project1/Intermediate/Shaders/WorkingDirectory/8344/).
[2017.06.06-16.28.09:391][  0]LogShaderCompilers: Cleaned the shader compiler working directory 'C:/Users/jose/AppData/Local/Temp/UnrealShaderWorkingDir/C16D7C9149925F40E717929F9937C577/'.
[2017.06.06-16.28.09:391][  0]LogShaderCompilers:Display: Using Local Shader Compiler.
[2017.06.06-16.28.10:782][  0]LogTemp:Display: Loaded TP AllDesktopTargetPlatform
[2017.06.06-16.28.10:835][  0]LogTemp:Display: Loaded TP MacClientTargetPlatform
[2017.06.06-16.28.10:883][  0]LogTemp:Display: Loaded TP MacNoEditorTargetPlatform
[2017.06.06-16.28.10:931][  0]LogTemp:Display: Loaded TP MacServerTargetPlatform
[2017.06.06-16.28.10:979][  0]LogTemp:Display: Loaded TP MacTargetPlatform
[2017.06.06-16.28.11:026][  0]LogTemp:Display: Loaded TP WindowsClientTargetPlatform
[2017.06.06-16.28.11:076][  0]LogTemp:Display: Loaded TP WindowsNoEditorTargetPlatform
[2017.06.06-16.28.11:128][  0]LogTemp:Display: Loaded TP WindowsServerTargetPlatform
[2017.06.06-16.28.11:170][  0]LogTemp:Display: Loaded TP WindowsTargetPlatform
[2017.06.06-16.28.11:213][  0]LogTemp:Display: Loaded TP AndroidTargetPlatform
[2017.06.06-16.28.11:257][  0]LogTemp:Display: Loaded TP Android_ASTCTargetPlatform
[2017.06.06-16.28.11:301][  0]LogTemp:Display: Loaded TP Android_ATCTargetPlatform
[2017.06.06-16.28.11:356][  0]LogTemp:Display: Loaded TP Android_DXTTargetPlatform
[2017.06.06-16.28.11:422][  0]LogTemp:Display: Loaded TP Android_ETC1TargetPlatform
[2017.06.06-16.28.11:474][  0]LogTemp:Display: Loaded TP Android_ETC2TargetPlatform
[2017.06.06-16.28.11:584][  0]LogTemp:Display: Loaded TP Android_MultiTargetPlatform
[2017.06.06-16.28.11:584][  0]LogTemp:Display: Loaded TP Android_PVRTCTargetPlatform
[2017.06.06-16.28.11:625][  0]LogTemp:Display: Loaded TP HTML5TargetPlatform
[2017.06.06-16.28.11:739][  0]LogTemp:Display: Loaded TP IOSTargetPlatform
[2017.06.06-16.28.11:780][  0]LogTemp:Display: Loaded TP TVOSTargetPlatform
[2017.06.06-16.28.11:843][  0]LogTemp:Display: Loaded TP LinuxClientTargetPlatform
[2017.06.06-16.28.11:890][  0]LogTemp:Display: Loaded TP LinuxNoEditorTargetPlatform
[2017.06.06-16.28.11:939][  0]LogTemp:Display: Loaded TP LinuxServerTargetPlatform
[2017.06.06-16.28.11:986][  0]LogTemp:Display: Loaded TP LinuxTargetPlatform
[2017.06.06-16.28.11:986][  0]LogTargetPlatformManager:Display: Building Assets For Windows
[2017.06.06-16.28.12:517][  0]LogDerivedDataCache:Display: Max Cache Size: 512 MB
[2017.06.06-16.28.12:643][  0]LogDerivedDataCache: Loaded boot cache 0.13s 90MB C:/Users/jose/AppData/Local/UnrealEngine/4.16/DerivedDataCache/Boot.ddc.
[2017.06.06-16.28.12:643][  0]LogDerivedDataCache:Display: Loaded Boot cache: C:/Users/jose/AppData/Local/UnrealEngine/4.16/DerivedDataCache/Boot.ddc
[2017.06.06-16.28.12:643][  0]LogDerivedDataCache: FDerivedDataBackendGraph:  Pak pak cache file ../../../../../../Users/jose/Desktop/unreal course proj/project1/DerivedDataCache/DDC.ddp not found, will not use a pak cache.
[2017.06.06-16.28.12:643][  0]LogDerivedDataCache: Unable to find inner node Pak for hierarchical cache Hierarchy.
[2017.06.06-16.28.12:644][  0]LogDerivedDataCache: FDerivedDataBackendGraph:  CompressedPak pak cache file ../../../../../../Users/jose/Desktop/unreal course proj/project1/DerivedDataCache/Compressed.ddp not found, will not use a pak cache.
[2017.06.06-16.28.12:644][  0]LogDerivedDataCache: Unable to find inner node CompressedPak for hierarchical cache Hierarchy.
[2017.06.06-16.28.12:669][  0]LogDerivedDataCache:Display: Pak cache opened for reading ../../../Engine/DerivedDataCache/Compressed.ddp.
[2017.06.06-16.28.12:718][  0]LogDerivedDataCache: Using Local data cache path C:/Users/jose/AppData/Local/UnrealEngine/Common/DerivedDataCache: Writable
[2017.06.06-16.28.12:729][  0]LogMaterial: Verifying Global Shaders for PCD3D_SM5
[2017.06.06-16.28.12:729][  0]LogSlate: Using Freetype 2.6.0
[2017.06.06-16.28.12:730][  0]LogSlate: SlateFontCache - WITH_FREETYPE: 1, WITH_HARFBUZZ: 1
[2017.06.06-16.28.12:730][  0]LogSlate: SlateFontCache - WITH_FREETYPE: 1, WITH_HARFBUZZ: 1
[2017.06.06-16.28.13:093][  0]LogInit: Selected Device Profile: [Windows]
[2017.06.06-16.28.13:230][  0]LogContentStreaming: Texture pool size is 0.00 MB
[2017.06.06-16.28.13:394][  0]LogMeshUtilities: Using QuadricMeshReduction for automatic static mesh reduction
[2017.06.06-16.28.13:436][  0]LogSimplygon: Simplygon DLL not present - disabling.
[2017.06.06-16.28.13:480][  0]LogMeshUtilities: Using SimplygonSwarm for distributed automatic mesh merging
[2017.06.06-16.28.13:480][  0]LogMeshUtilities: No automatic skeletal mesh reduction module available
[2017.06.06-16.28.13:480][  0]LogMeshUtilities: No automatic mesh merging module available
[2017.06.06-16.28.14:218][  0]LogNetVersion: project1 , NetCL: 3452394, EngineNetVer: 2, GameNetVer: 0 (Checksum: 3220768879)
[2017.06.06-16.28.14:293][  0]LogAssetRegistry: FAssetRegistry took 0.0282 seconds to start up
[2017.06.06-16.28.14:375][  0]LogPackageLocalizationCache: Processed 4 localized package path(s) for 2 prioritized culture(s) in 0.046744 seconds
[2017.06.06-16.28.14:386][  0]LogUObjectArray: 34194 objects as part of root set at end of initial load.
[2017.06.06-16.28.14:386][  0]LogUObjectAllocator: 7260424 out of 0 bytes used by permanent object pool.
[2017.06.06-16.28.14:386][  0]LogUObjectArray: CloseDisregardForGC: 0/0 objects in disregard for GC pool
[2017.06.06-16.28.14:482][  0]LogInit: WinSock: version 1.1 (2.2), MaxSocks=32767, MaxUdp=65467
[2017.06.06-16.28.17:117][  0]LogTcpMessaging: Initializing TcpMessaging bridge
[2017.06.06-16.28.17:168][  0]LogUdpMessaging: Initializing bridge on interface 0.0.0.0:0 to multicast group 230.0.0.1:6666.
[2017.06.06-16.28.17:702][  0]LogMaterial: Uniform references updated for custom material expression Custom.
[2017.06.06-16.28.18:075][  0]SourceControl: Info Source control is disabled
[2017.06.06-16.28.18:103][  0]SourceControl: Info Source control is disabled
[2017.06.06-16.28.18:149][  0]SourceControl: Info Source control is disabled
[2017.06.06-16.28.18:196][  0]SourceControl: Info Source control is disabled
[2017.06.06-16.28.18:873][  0]LogAndroidPermission: UAndroidPermissionCallbackProxy::GetInstance
[2017.06.06-16.28.19:479][  0]LogEngine: Initializing Engine...
[2017.06.06-16.28.19:480][  0]LogHMD: Failed to initialize OpenVR with code 110
[2017.06.06-16.28.19:785][  0]LogStats: UGameplayTagsManager::ConstructGameplayTagTree: Construct from data asset -  0.000 s
[2017.06.06-16.28.19:785][  0]LogStats: UGameplayTagsManager::ConstructGameplayTagTree: GameplayTagTreeChangedEvent.Broadcast -  0.000 s
[2017.06.06-16.28.19:902][  0]LogAIModule: Creating AISystem for world Untitled
[2017.06.06-16.28.19:906][  0]LogInit: XAudio2 using 'Speakers (Realtek High Definition Audio)' : 2 channels at 48 kHz using 32 bits per sample (channel mask 0x3)
[2017.06.06-16.28.19:919][  0]LogInit: FAudioDevice initialized.
[2017.06.06-16.28.19:981][  0]LogDerivedDataCache: Saved boot cache 0.06s 90MB C:/Users/jose/AppData/Local/UnrealEngine/4.16/DerivedDataCache/Boot.ddc.
[2017.06.06-16.28.19:989][  0]LogInit: Texture streaming: Enabled
[2017.06.06-16.28.20:079][  0]LogEngineSessionManager: EngineSessionManager initialized
[2017.06.06-16.28.20:300][  0]LogInit: Transaction tracking system initialized
[2017.06.06-16.28.20:582][  0]BlueprintLog: New page: Editor Load
[2017.06.06-16.28.21:559][  0]LocalizationService: Info Localization service is disabled
[2017.06.06-16.28.22:335][  0]LogConsoleResponse:Display: 
[2017.06.06-16.28.22:553][  0]LogCook:Display: Max memory allowance for cook 16384mb min free memory 0mb
[2017.06.06-16.28.22:553][  0]LogFileCache: Scanning file cache for directory 'C:/Users/jose/Desktop/unreal course proj/project1/Content/' took 0.01s
[2017.06.06-16.28.22:553][  0]LogCook:Display: Mobile HDR setting 1
[2017.06.06-16.28.23:553][  0]SourceControl: Info Source control is disabled
[2017.06.06-16.28.23:554][  0]Cmd: MAP LOAD FILE="../../../../../../Users/jose/Desktop/unreal course proj/project1/Content/level01.umap" TEMPLATE=0 SHOWPROGRESS=1 FEATURELEVEL=3
[2017.06.06-16.28.23:554][  0]LightingResults: New page: Lighting Build
[2017.06.06-16.28.23:589][  0]MapCheck: New page: Map Check
[2017.06.06-16.28.23:589][  0]LightingResults: New page: Lighting Build
[2017.06.06-16.28.23:826][  0]LogAIModule: Creating AISystem for world level01
[2017.06.06-16.28.23:834][  0]LogEditorServer: Finished looking for orphan Actors (0.000 secs)
[2017.06.06-16.28.23:872][  0]Cmd: MAP CHECKDEP NOCLEARLOG
[2017.06.06-16.28.23:915][  0]MapCheck: Info Map check complete: 0 Error(s), 0 Warning(s), took 43.115ms to complete.
[2017.06.06-16.28.23:915][  0]LogFileHelpers: Loading map 'level01' took 0.361
[2017.06.06-16.28.23:990][  0]LogWindowsTextInputMethodSystem:Display: IME system now deactivated.
[2017.06.06-16.28.23:990][  0]LogWindowsTextInputMethodSystem:Display: IME system now deactivated.
[2017.06.06-16.28.24:081][  0]LogCollectionManager: Loaded 0 collections in 0.001537 seconds
[2017.06.06-16.28.24:170][  0]LogFileCache: Scanning file cache for directory 'C:/Users/jose/Desktop/unreal course proj/project1/Saved/Collections/' took 0.01s
[2017.06.06-16.28.24:170][  0]LogFileCache: Scanning file cache for directory 'C:/Users/jose/Desktop/unreal course proj/project1/Content/Developers/jose/Collections/' took 0.01s
[2017.06.06-16.28.24:170][  0]LogFileCache: Scanning file cache for directory 'C:/Users/jose/Desktop/unreal course proj/project1/Content/Collections/' took 0.01s
[2017.06.06-16.28.24:170][  0]LogCollectionManager: Rebuilt the GUID cache for 0 collections in 0.000002 seconds
[2017.06.06-16.28.24:183][  0]LogContentBrowser: Native class hierarchy populated in 0.0135 seconds. Added 2330 classes and 493 folders.
[2017.06.06-16.28.24:261][  0]LogContentBrowser: Native class hierarchy updated for 'WidgetCarousel' in 0.0013 seconds. Added 0 classes and 0 folders.
[2017.06.06-16.28.24:302][  0]LogContentBrowser: Native class hierarchy updated for 'AddContentDialog' in 0.0016 seconds. Added 0 classes and 0 folders.
[2017.06.06-16.28.24:339][  0]LogContentBrowser: Native class hierarchy updated for 'SceneOutliner' in 0.0011 seconds. Added 1 classes and 2 folders.
[2017.06.06-16.28.24:379][  0]LogCrashTracker: Crashtracker disabled due to settings.
[2017.06.06-16.28.24:384][  0]LogSlate: Took 0.000150 seconds to synchronously load lazily loaded font '../../../Engine/Content/Slate/Fonts/Roboto-Regular.ttf' (155K)
[2017.06.06-16.28.24:386][  0]LogSlate: Took 0.000191 seconds to synchronously load lazily loaded font '../../../Engine/Content/Slate/Fonts/Roboto-Bold.ttf' (160K)
[2017.06.06-16.28.24:391][  0]LogSlate: Took 0.000181 seconds to synchronously load lazily loaded font '../../../Engine/Content/Editor/Slate/Fonts/FontAwesome.ttf' (139K)
[2017.06.06-16.28.24:504][  0]LogRenderer: Reallocating scene render targets to support 1208x600 NumSamples 1 (Frame:1).
[2017.06.06-16.28.25:087][  0]LogSlate: Took 0.000123 seconds to synchronously load lazily loaded font '../../../Engine/Content/Slate/Fonts/Roboto-Light.ttf' (159K)
[2017.06.06-16.28.25:167][  0]LogUObjectGlobals:Warning: Failed to find object 'Class None.'
[2017.06.06-16.28.25:255][  0]LogContentBrowser: Native class hierarchy updated for 'HierarchicalLODOutliner' in 0.0016 seconds. Added 1 classes and 2 folders.
[2017.06.06-16.28.25:255][  0]LogLoad: (Engine Initialization) Total time: 18.78 seconds
[2017.06.06-16.28.25:255][  0]LogLoad: (Engine Initialization) Total Blueprint compile time: 0.11 seconds
[2017.06.06-16.28.25:255][  0]LogExternalProfiler: Found external profiler: VSPerf
[2017.06.06-16.28.25:255][  0]LogExternalProfiler: Using external profiler: VSPerf
[2017.06.06-16.28.25:264][  0]LogOcInput: OculusInput pre-init called
[2017.06.06-16.28.25:264][  0]LogHMD: Starting GearVRController plugin
[2017.06.06-16.28.25:282][  0]LogContentStreaming: Texture pool size now 1000 MB
[2017.06.06-16.28.25:309][  1]LogAssetRegistry: Asset discovery search completed in 11.0385 seconds
[2017.06.06-16.28.25:313][  1]LogCollectionManager: Rebuilt the object cache for 0 collections in 0.000001 seconds (found 0 objects)
[2017.06.06-16.28.25:313][  1]LogCollectionManager: Fixed up redirectors for 0 collections in 0.000054 seconds (updated 0 objects)
[2017.06.06-16.28.49:148][282]LogRenderer: Reallocating scene render targets to support 1208x604 NumSamples 1 (Frame:274).
[2017.06.06-16.28.49:326][283]LogRenderer: Reallocating scene render targets to support 1208x620 NumSamples 1 (Frame:276).
[2017.06.06-16.28.49:519][284]LogRenderer: Reallocating scene render targets to support 1208x684 NumSamples 1 (Frame:278).
[2017.06.06-16.28.49:763][285]LogRenderer: Reallocating scene render targets to support 1208x724 NumSamples 1 (Frame:280).
[2017.06.06-16.28.50:033][286]LogRenderer: Reallocating scene render targets to support 1208x764 NumSamples 1 (Frame:282).
